[debug] [2024-01-01T19:12:22.386Z] ----------------------------------------------------------------------
[debug] [2024-01-01T19:12:22.389Z] Command:       C:\Program Files\nodejs\node.exe C:\Users\Farruh Zoirov\AppData\Roaming\npm\node_modules\firebase-tools\lib\bin\firebase.js init hosting
[debug] [2024-01-01T19:12:22.389Z] CLI Version:   13.0.2
[debug] [2024-01-01T19:12:22.389Z] Platform:      win32
[debug] [2024-01-01T19:12:22.389Z] Node Version:  v20.10.0
[debug] [2024-01-01T19:12:22.390Z] Time:          Tue Jan 02 2024 00:12:22 GMT+0500 (Узбекистан, стандартное время)
[debug] [2024-01-01T19:12:22.390Z] ----------------------------------------------------------------------
[debug] 
[debug] [2024-01-01T19:12:22.393Z] >>> [apiv2][query] GET https://firebase-public.firebaseio.com/cli.json [none]
[debug] [2024-01-01T19:12:22.457Z] > command requires scopes: ["email","openid","https://www.googleapis.com/auth/cloudplatformprojects.readonly","https://www.googleapis.com/auth/firebase","https://www.googleapis.com/auth/cloud-platform"]
[debug] [2024-01-01T19:12:22.458Z] > authorizing via signed-in user (fzoirov29@gmail.com)
[info] 
     ######## #### ########  ######## ########     ###     ######  ########
     ##        ##  ##     ## ##       ##     ##  ##   ##  ##       ##
     ######    ##  ########  ######   ########  #########  ######  ######
     ##        ##  ##    ##  ##       ##     ## ##     ##       ## ##
     ##       #### ##     ## ######## ########  ##     ##  ######  ########

You're about to initialize a Firebase project in this directory:

  C:\Users\Farruh Zoirov\Desktop\telegram-web

[debug] [2024-01-01T19:12:23.495Z] <<< [apiv2][status] GET https://firebase-public.firebaseio.com/cli.json 200
[debug] [2024-01-01T19:12:23.496Z] <<< [apiv2][body] GET https://firebase-public.firebaseio.com/cli.json {"cloudBuildErrorAfter":1594252800000,"cloudBuildWarnAfter":1590019200000,"defaultNode10After":1594252800000,"minVersion":"3.0.5","node8DeploysDisabledAfter":1613390400000,"node8RuntimeDisabledAfter":1615809600000,"node8WarnAfter":1600128000000}
[info] 
=== Project Setup
[info] 
[info] First, let's associate this project directory with a Firebase project.
[info] You can create multiple project aliases by running firebase use --add, 
[info] but for now we'll just set up a default project.
[info] 
[debug] [2024-01-01T19:12:38.927Z] > refreshing access token with scopes: []
[debug] [2024-01-01T19:12:38.928Z] >>> [apiv2][query] POST https://www.googleapis.com/oauth2/v3/token [none]
[debug] [2024-01-01T19:12:38.928Z] >>> [apiv2][body] POST https://www.googleapis.com/oauth2/v3/token [omitted]
[debug] [2024-01-01T19:12:39.582Z] <<< [apiv2][status] POST https://www.googleapis.com/oauth2/v3/token 200
[debug] [2024-01-01T19:12:39.582Z] <<< [apiv2][body] POST https://www.googleapis.com/oauth2/v3/token [omitted]
[debug] [2024-01-01T19:12:39.600Z] >>> [apiv2][query] GET https://firebase.googleapis.com/v1beta1/projects pageSize=100
[debug] [2024-01-01T19:12:40.583Z] <<< [apiv2][status] GET https://firebase.googleapis.com/v1beta1/projects 200
[debug] [2024-01-01T19:12:40.583Z] <<< [apiv2][body] GET https://firebase.googleapis.com/v1beta1/projects [omitted]
[info] i  Using project interesting-1d021 (INTERESTING) 
[info] 
=== Hosting Setup
[debug] [2024-01-01T19:12:40.660Z] >>> [apiv2][query] GET https://firebase.googleapis.com/v1beta1/projects/interesting-1d021 [none]
[debug] [2024-01-01T19:12:41.074Z] <<< [apiv2][status] GET https://firebase.googleapis.com/v1beta1/projects/interesting-1d021 200
[debug] [2024-01-01T19:12:41.075Z] <<< [apiv2][body] GET https://firebase.googleapis.com/v1beta1/projects/interesting-1d021 {"projectId":"interesting-1d021","projectNumber":"563411128607","displayName":"INTERESTING","name":"projects/interesting-1d021","resources":{"hostingSite":"interesting-1d021"},"state":"ACTIVE","etag":"1_7e5227a9-1d0e-43c3-b3aa-a781714a3a28"}
[info] 
[info] Your public directory is the folder (relative to your project directory) that
[info] will contain Hosting assets to be uploaded with firebase deploy. If you
[info] have a build process for your assets, use your build's output directory.
[info] 
[debug] [2024-01-01T19:12:56.679Z] >>> [apiv2][query] GET https://www.gstatic.com/firebasejs/releases.json [none]
[debug] [2024-01-01T19:12:57.155Z] <<< [apiv2][status] GET https://www.gstatic.com/firebasejs/releases.json 200
[debug] [2024-01-01T19:12:57.155Z] <<< [apiv2][body] GET https://www.gstatic.com/firebasejs/releases.json {"current":{"version":"10.7.1","browserURL":"https://www.gstatic.com/firebasejs/10.7.1/firebase.js","packageURL":"https://www.gstatic.com/firebasejs/10.7.1/firebase.tgz"},"live":{"version":"10.7","browserURL":"https://www.gstatic.com/firebasejs/live/10.7/firebase.js","packageURL":"https://www.gstatic.com/firebasejs/live/10.7/firebase.tgz"},"components":{"analytics":"https://www.gstatic.com/firebasejs/10.7.1/firebase-analytics.js","app":"https://www.gstatic.com/firebasejs/10.7.1/firebase-app.js","app-check":"https://www.gstatic.com/firebasejs/10.7.1/firebase-app-check.js","auth":"https://www.gstatic.com/firebasejs/10.7.1/firebase-auth.js","auth/cordova":"https://www.gstatic.com/firebasejs/10.7.1/firebase-auth/cordova.js","functions":"https://www.gstatic.com/firebasejs/10.7.1/firebase-functions.js","firestore":"https://www.gstatic.com/firebasejs/10.7.1/firebase-firestore.js","firestore/lite":"https://www.gstatic.com/firebasejs/10.7.1/firebase-firestore/lite.js","installations":"https://www.gstatic.com/firebasejs/10.7.1/firebase-installations.js","storage":"https://www.gstatic.com/firebasejs/10.7.1/firebase-storage.js","performance":"https://www.gstatic.com/firebasejs/10.7.1/firebase-performance.js","remote-config":"https://www.gstatic.com/firebasejs/10.7.1/firebase-remote-config.js","messaging":"https://www.gstatic.com/firebasejs/10.7.1/firebase-messaging.js","messaging/sw":"https://www.gstatic.com/firebasejs/10.7.1/firebase-messaging/sw.js","database":"https://www.gstatic.com/firebasejs/10.7.1/firebase-database.js","firestore.memory":"https://www.gstatic.com/firebasejs/10.7.1/firebase-firestore.memory.js"}}
[info] +  Wrote public/index.html 
[info] 
[info] i  Detected a .git folder at C:\Users\Farruh Zoirov\Desktop\telegram-web 
[info] i  Authorizing with GitHub to upload your service account to a GitHub repository's secrets store. 
[info] 
[info] Visit this URL on this device to log in:
[info] https://github.com/login/oauth/authorize?client_id=89cf50f02ac6aaed3484&state=714737336&redirect_uri=http%3A%2F%2Flocalhost%3A9005&scope=read%3Auser%20repo%20public_repo
[info] 
[info] Waiting for authentication...
[debug] [2024-01-01T19:13:08.059Z] >>> [apiv2][query] POST https://github.com/login/oauth/access_token [none]
[debug] [2024-01-01T19:13:08.060Z] >>> [apiv2][body] POST https://github.com/login/oauth/access_token [stream]
[debug] [2024-01-01T19:13:08.749Z] <<< [apiv2][status] POST https://github.com/login/oauth/access_token 200
[debug] [2024-01-01T19:13:08.750Z] <<< [apiv2][body] POST https://github.com/login/oauth/access_token {"access_token":"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","token_type":"bearer","scope":"read:user,repo"}
[debug] [2024-01-01T19:13:08.768Z] >>> [apiv2][query] GET https://api.github.com/user [none]
[debug] [2024-01-01T19:13:09.601Z] <<< [apiv2][status] GET https://api.github.com/user 200
[debug] [2024-01-01T19:13:09.601Z] <<< [apiv2][body] GET https://api.github.com/user {"login":"farruhzoirov","id":134196478,"node_id":"U_kgDOB_-s_g","avatar_url":"https://avatars.githubusercontent.com/u/134196478?v=4","gravatar_id":"","url":"https://api.github.com/users/farruhzoirov","html_url":"https://github.com/farruhzoirov","followers_url":"https://api.github.com/users/farruhzoirov/followers","following_url":"https://api.github.com/users/farruhzoirov/following{/other_user}","gists_url":"https://api.github.com/users/farruhzoirov/gists{/gist_id}","starred_url":"https://api.github.com/users/farruhzoirov/starred{/owner}{/repo}","subscriptions_url":"https://api.github.com/users/farruhzoirov/subscriptions","organizations_url":"https://api.github.com/users/farruhzoirov/orgs","repos_url":"https://api.github.com/users/farruhzoirov/repos","events_url":"https://api.github.com/users/farruhzoirov/events{/privacy}","received_events_url":"https://api.github.com/users/farruhzoirov/received_events","type":"User","site_admin":false,"name":"Farruh Zoirov","company":null,"blog":"","location":null,"email":null,"hireable":null,"bio":"Student of Tashkent State Transport University\r\nDirection:Software engineering.\r\n\r\n\r\n\r\n\r\n\r\n\r\n\r\n\r\nFront end developer","twitter_username":null,"public_repos":15,"public_gists":0,"followers":0,"following":3,"created_at":"2023-05-21T08:30:38Z","updated_at":"2023-12-20T13:15:08Z","private_gists":0,"total_private_repos":0,"owned_private_repos":0,"disk_usage":11890,"collaborators":0,"two_factor_authentication":false,"plan":{"name":"free","space":976562499,"collaborators":0,"private_repos":10000}}
[info] 
[info] +  Success! Logged into GitHub as farruhzoirov 
[info] 
[debug] [2024-01-01T19:13:26.414Z] >>> [apiv2][query] GET https://api.github.com/repos/repository/actions/secrets/public-key type=owner
[debug] [2024-01-01T19:13:27.304Z] <<< [apiv2][status] GET https://api.github.com/repos/repository/actions/secrets/public-key 404
[debug] [2024-01-01T19:13:27.304Z] <<< [apiv2][body] GET https://api.github.com/repos/repository/actions/secrets/public-key {"message":"Not Found","documentation_url":"https://docs.github.com/rest"}
[info] 
[info] 
[error] !  The provided authorization cannot be used with this repository. If this repository is in an organization, did you remember to grant access? 
[info] 
[info] i  Action required: Visit this URL to ensure access has been granted to the appropriate organization(s) for the Firebase CLI GitHub OAuth App: 
[info] https://github.com/settings/connections/applications/89cf50f02ac6aaed3484
[info] 
[debug] [2024-01-01T19:13:30.572Z] >>> [apiv2][query] GET https://api.github.com/repos/repository/actions/secrets/public-key type=owner
[debug] [2024-01-01T19:13:31.029Z] <<< [apiv2][status] GET https://api.github.com/repos/repository/actions/secrets/public-key 404
[debug] [2024-01-01T19:13:31.030Z] <<< [apiv2][body] GET https://api.github.com/repos/repository/actions/secrets/public-key {"message":"Not Found","documentation_url":"https://docs.github.com/rest"}
[info] 
[info] 
[error] !  The provided authorization cannot be used with this repository. If this repository is in an organization, did you remember to grant access? 
[info] 
[info] i  Action required: Visit this URL to ensure access has been granted to the appropriate organization(s) for the Firebase CLI GitHub OAuth App: 
[info] https://github.com/settings/connections/applications/89cf50f02ac6aaed3484
[info] 
[debug] [2024-01-01T19:13:47.854Z] >>> [apiv2][query] GET https://api.github.com/repos/repository/actions/secrets/public-key type=owner
[debug] [2024-01-01T19:13:48.725Z] <<< [apiv2][status] GET https://api.github.com/repos/repository/actions/secrets/public-key 404
[debug] [2024-01-01T19:13:48.725Z] <<< [apiv2][body] GET https://api.github.com/repos/repository/actions/secrets/public-key {"message":"Not Found","documentation_url":"https://docs.github.com/rest"}
[info] 
[info] 
[error] !  The provided authorization cannot be used with this repository. If this repository is in an organization, did you remember to grant access? 
[info] 
[info] i  Action required: Visit this URL to ensure access has been granted to the appropriate organization(s) for the Firebase CLI GitHub OAuth App: 
[info] https://github.com/settings/connections/applications/89cf50f02ac6aaed3484
[info] 
[debug] [2024-01-01T19:13:48.821Z] >>> [apiv2][query] GET https://api.github.com/repos/repository/actions/secrets/public-key type=owner
[debug] [2024-01-01T19:13:49.256Z] <<< [apiv2][status] GET https://api.github.com/repos/repository/actions/secrets/public-key 404
[debug] [2024-01-01T19:13:49.256Z] <<< [apiv2][body] GET https://api.github.com/repos/repository/actions/secrets/public-key {"message":"Not Found","documentation_url":"https://docs.github.com/rest"}
[info] 
[info] 
[error] !  The provided authorization cannot be used with this repository. If this repository is in an organization, did you remember to grant access? 
[info] 
[info] i  Action required: Visit this URL to ensure access has been granted to the appropriate organization(s) for the Firebase CLI GitHub OAuth App: 
[info] https://github.com/settings/connections/applications/89cf50f02ac6aaed3484
[info] 
[debug] [2024-01-01T19:13:51.655Z] >>> [apiv2][query] GET https://api.github.com/repos/repository/actions/secrets/public-key type=owner
[debug] [2024-01-01T19:13:52.022Z] <<< [apiv2][status] GET https://api.github.com/repos/repository/actions/secrets/public-key 404
[debug] [2024-01-01T19:13:52.022Z] <<< [apiv2][body] GET https://api.github.com/repos/repository/actions/secrets/public-key {"message":"Not Found","documentation_url":"https://docs.github.com/rest"}
[info] 
[info] 
[error] !  The provided authorization cannot be used with this repository. If this repository is in an organization, did you remember to grant access? 
[info] 
[info] i  Action required: Visit this URL to ensure access has been granted to the appropriate organization(s) for the Firebase CLI GitHub OAuth App: 
[info] https://github.com/settings/connections/applications/89cf50f02ac6aaed3484
[info] 
[debug] [2024-01-01T19:13:53.006Z] >>> [apiv2][query] GET https://api.github.com/repos/repository/actions/secrets/public-key type=owner
[debug] [2024-01-01T19:13:53.323Z] <<< [apiv2][status] GET https://api.github.com/repos/repository/actions/secrets/public-key 404
[debug] [2024-01-01T19:13:53.324Z] <<< [apiv2][body] GET https://api.github.com/repos/repository/actions/secrets/public-key {"message":"Not Found","documentation_url":"https://docs.github.com/rest"}
[info] 
[info] 
[error] !  The provided authorization cannot be used with this repository. If this repository is in an organization, did you remember to grant access? 
[info] 
[info] i  Action required: Visit this URL to ensure access has been granted to the appropriate organization(s) for the Firebase CLI GitHub OAuth App: 
[info] https://github.com/settings/connections/applications/89cf50f02ac6aaed3484
[info] 
[debug] [2024-01-01T19:13:58.782Z] >>> [apiv2][query] GET https://api.github.com/repos/user/actions/secrets/public-key type=owner
[debug] [2024-01-01T19:13:59.624Z] <<< [apiv2][status] GET https://api.github.com/repos/user/actions/secrets/public-key 404
[debug] [2024-01-01T19:13:59.624Z] <<< [apiv2][body] GET https://api.github.com/repos/user/actions/secrets/public-key {"message":"Not Found","documentation_url":"https://docs.github.com/rest"}
[info] 
[info] 
[error] !  The provided authorization cannot be used with this repository. If this repository is in an organization, did you remember to grant access? 
[info] 
[info] i  Action required: Visit this URL to ensure access has been granted to the appropriate organization(s) for the Firebase CLI GitHub OAuth App: 
[info] https://github.com/settings/connections/applications/89cf50f02ac6aaed3484
[info] 
